Determining if the pthread_create exist failed with the following output:
Change Dir: /home/aaeon/vision_ws/build/CMakeFiles/CMakeTmp

Run Build Command:"/usr/bin/make" "cmTC_83288/fast"
/usr/bin/make -f CMakeFiles/cmTC_83288.dir/build.make CMakeFiles/cmTC_83288.dir/build
make[1]: Entering directory '/home/aaeon/vision_ws/build/CMakeFiles/CMakeTmp'
Building C object CMakeFiles/cmTC_83288.dir/CheckSymbolExists.c.o
/usr/bin/cc    -o CMakeFiles/cmTC_83288.dir/CheckSymbolExists.c.o   -c /home/aaeon/vision_ws/build/CMakeFiles/CMakeTmp/CheckSymbolExists.c
Linking C executable cmTC_83288
/usr/bin/cmake -E cmake_link_script CMakeFiles/cmTC_83288.dir/link.txt --verbose=1
/usr/bin/cc      -rdynamic CMakeFiles/cmTC_83288.dir/CheckSymbolExists.c.o  -o cmTC_83288 
CMakeFiles/cmTC_83288.dir/CheckSymbolExists.c.o: In function `main':
CheckSymbolExists.c:(.text+0x14): undefined reference to `pthread_create'
CheckSymbolExists.c:(.text+0x18): undefined reference to `pthread_create'
collect2: error: ld returned 1 exit status
CMakeFiles/cmTC_83288.dir/build.make:97: recipe for target 'cmTC_83288' failed
make[1]: *** [cmTC_83288] Error 1
make[1]: Leaving directory '/home/aaeon/vision_ws/build/CMakeFiles/CMakeTmp'
Makefile:126: recipe for target 'cmTC_83288/fast' failed
make: *** [cmTC_83288/fast] Error 2

File /home/aaeon/vision_ws/build/CMakeFiles/CMakeTmp/CheckSymbolExists.c:
/* */
#include <pthread.h>

int main(int argc, char** argv)
{
  (void)argv;
#ifndef pthread_create
  return ((int*)(&pthread_create))[argc];
#else
  (void)argc;
  return 0;
#endif
}

Determining if the function pthread_create exists in the pthreads failed with the following output:
Change Dir: /home/aaeon/vision_ws/build/CMakeFiles/CMakeTmp

Run Build Command:"/usr/bin/make" "cmTC_c55ce/fast"
/usr/bin/make -f CMakeFiles/cmTC_c55ce.dir/build.make CMakeFiles/cmTC_c55ce.dir/build
make[1]: Entering directory '/home/aaeon/vision_ws/build/CMakeFiles/CMakeTmp'
Building C object CMakeFiles/cmTC_c55ce.dir/CheckFunctionExists.c.o
/usr/bin/cc   -DCHECK_FUNCTION_EXISTS=pthread_create   -o CMakeFiles/cmTC_c55ce.dir/CheckFunctionExists.c.o   -c /usr/share/cmake-3.10/Modules/CheckFunctionExists.c
Linking C executable cmTC_c55ce
/usr/bin/cmake -E cmake_link_script CMakeFiles/cmTC_c55ce.dir/link.txt --verbose=1
/usr/bin/cc  -DCHECK_FUNCTION_EXISTS=pthread_create    -rdynamic CMakeFiles/cmTC_c55ce.dir/CheckFunctionExists.c.o  -o cmTC_c55ce -lpthreads 
/usr/bin/ld: cannot find -lpthreads
collect2: error: ld returned 1 exit status
CMakeFiles/cmTC_c55ce.dir/build.make:97: recipe for target 'cmTC_c55ce' failed
make[1]: *** [cmTC_c55ce] Error 1
make[1]: Leaving directory '/home/aaeon/vision_ws/build/CMakeFiles/CMakeTmp'
Makefile:126: recipe for target 'cmTC_c55ce/fast' failed
make: *** [cmTC_c55ce/fast] Error 2


